Arguments: 
  C:\Program Files\nodejs\node.exe C:\Users\Administrator\AppData\Roaming\npm\node_modules\yarn\bin\yarn.js run serve

PATH: 
  C:\WINDOWS\system32;C:\WINDOWS;C:\WINDOWS\System32\Wbem;C:\WINDOWS\System32\WindowsPowerShell\v1.0\;C:\WINDOWS\System32\OpenSSH\;C:\Program Files\nodejs\;C:\Users\Administrator\AppData\Local\Microsoft\WindowsApps;C:\Users\Administrator\AppData\Roaming\npm;C:\Program Files\MongoDB\Server\3.4\bin;E:\bryant\Microsoft VS Code\bin

Yarn version: 
  1.19.2

Node version: 
  12.13.1

Platform: 
  win32 x64

Trace: 
  SyntaxError: E:\bryant\vue_rewrite_lbl\package.json: Unexpected token } in JSON at position 239
      at JSON.parse (<anonymous>)
      at C:\Users\Administrator\AppData\Roaming\npm\node_modules\yarn\lib\cli.js:1625:59
      at Generator.next (<anonymous>)
      at step (C:\Users\Administrator\AppData\Roaming\npm\node_modules\yarn\lib\cli.js:304:30)
      at C:\Users\Administrator\AppData\Roaming\npm\node_modules\yarn\lib\cli.js:315:13

npm manifest: 
  {
    "name": "vue_rewrite_lbl",
    "version": "1.0.0",
    "description": "tips for myself",
    "main": "rollup.config.js",
    "dependencies": {
      "rollup": "^2.6.1",
      "rollup-plugin-babel": "^4.4.0",
      "rollup-plugin-serve": "^1.0.1",
    },
    "devDependencies": {},
    "scripts": {
      "test": "echo \"Error: no test specified\" && exit 1",
      "build":"rollup -c",
      "serve":"cross-env ENV=development rollup -c -w"
    },
    "repository": {
      "type": "git",
      "url": "git+https://github.com/boliangleung/vue_rewrite_lbl.git"
    },
    "author": "lbl",
    "license": "ISC",
    "bugs": {
      "url": "https://github.com/boliangleung/vue_rewrite_lbl/issues"
    },
    "homepage": "https://github.com/boliangleung/vue_rewrite_lbl#readme"
  }

yarn manifest: 
  No manifest

Lockfile: 
  # THIS IS AN AUTOGENERATED FILE. DO NOT EDIT THIS FILE DIRECTLY.
  # yarn lockfile v1
  
  
  "@babel/helper-module-imports@^7.0.0":
    version "7.8.3"
    resolved "https://registry.npm.taobao.org/@babel/helper-module-imports/download/@babel/helper-module-imports-7.8.3.tgz#7fe39589b39c016331b6b8c3f441e8f0b1419498"
    integrity sha1-f+OVibOcAWMxtrjD9EHo8LFBlJg=
    dependencies:
      "@babel/types" "^7.8.3"
  
  "@babel/helper-validator-identifier@^7.9.5":
    version "7.9.5"
    resolved "https://registry.npm.taobao.org/@babel/helper-validator-identifier/download/@babel/helper-validator-identifier-7.9.5.tgz#90977a8e6fbf6b431a7dc31752eee233bf052d80"
    integrity sha1-kJd6jm+/a0MafcMXUu7iM78FLYA=
  
  "@babel/types@^7.8.3":
    version "7.9.5"
    resolved "https://registry.npm.taobao.org/@babel/types/download/@babel/types-7.9.5.tgz?cache=0&sync_timestamp=1586287913117&other_urls=https%3A%2F%2Fregistry.npm.taobao.org%2F%40babel%2Ftypes%2Fdownload%2F%40babel%2Ftypes-7.9.5.tgz#89231f82915a8a566a703b3b20133f73da6b9444"
    integrity sha1-iSMfgpFailZqcDs7IBM/c9prlEQ=
    dependencies:
      "@babel/helper-validator-identifier" "^7.9.5"
      lodash "^4.17.13"
      to-fast-properties "^2.0.0"
  
  estree-walker@^0.6.1:
    version "0.6.1"
    resolved "https://registry.npm.taobao.org/estree-walker/download/estree-walker-0.6.1.tgz#53049143f40c6eb918b23671d1fe3219f3a1b362"
    integrity sha1-UwSRQ/QMbrkYsjZx0f4yGfOhs2I=
  
  fsevents@~2.1.2:
    version "2.1.2"
    resolved "https://registry.npm.taobao.org/fsevents/download/fsevents-2.1.2.tgz?cache=0&sync_timestamp=1584609355366&other_urls=https%3A%2F%2Fregistry.npm.taobao.org%2Ffsevents%2Fdownload%2Ffsevents-2.1.2.tgz#4c0a1fb34bc68e543b4b82a9ec392bfbda840805"
    integrity sha1-TAofs0vGjlQ7S4Kp7Dkr+9qECAU=
  
  lodash@^4.17.13:
    version "4.17.15"
    resolved "https://registry.npm.taobao.org/lodash/download/lodash-4.17.15.tgz?cache=0&sync_timestamp=1571657272199&other_urls=https%3A%2F%2Fregistry.npm.taobao.org%2Flodash%2Fdownload%2Flodash-4.17.15.tgz#b447f6670a0455bbfeedd11392eff330ea097548"
    integrity sha1-tEf2ZwoEVbv+7dETku/zMOoJdUg=
  
  mime@>=2.0.3:
    version "2.4.4"
    resolved "https://registry.npm.taobao.org/mime/download/mime-2.4.4.tgz#bd7b91135fc6b01cde3e9bae33d659b63d8857e5"
    integrity sha1-vXuRE1/GsBzePpuuM9ZZtj2IV+U=
  
  opener@1:
    version "1.5.1"
    resolved "https://registry.npm.taobao.org/opener/download/opener-1.5.1.tgz#6d2f0e77f1a0af0032aca716c2c1fbb8e7e8abed"
    integrity sha1-bS8Od/GgrwAyrKcWwsH7uOfoq+0=
  
  rollup-plugin-babel@^4.4.0:
    version "4.4.0"
    resolved "https://registry.npm.taobao.org/rollup-plugin-babel/download/rollup-plugin-babel-4.4.0.tgz#d15bd259466a9d1accbdb2fe2fff17c52d030acb"
    integrity sha1-0VvSWUZqnRrMvbL+L/8XxS0DCss=
    dependencies:
      "@babel/helper-module-imports" "^7.0.0"
      rollup-pluginutils "^2.8.1"
  
  rollup-plugin-serve@^1.0.1:
    version "1.0.1"
    resolved "https://registry.npm.taobao.org/rollup-plugin-serve/download/rollup-plugin-serve-1.0.1.tgz#2da2a784a916c5564609c7696cd9dacdbf17f6cc"
    integrity sha1-LaKnhKkWxVZGCcdpbNnazb8X9sw=
    dependencies:
      mime ">=2.0.3"
      opener "1"
  
  rollup-pluginutils@^2.8.1:
    version "2.8.2"
    resolved "https://registry.npm.taobao.org/rollup-pluginutils/download/rollup-pluginutils-2.8.2.tgz#72f2af0748b592364dbd3389e600e5a9444a351e"
    integrity sha1-cvKvB0i1kjZNvTOJ5gDlqURKNR4=
    dependencies:
      estree-walker "^0.6.1"
  
  rollup@^2.6.1:
    version "2.6.1"
    resolved "https://registry.npm.taobao.org/rollup/download/rollup-2.6.1.tgz?cache=0&sync_timestamp=1586729820273&other_urls=https%3A%2F%2Fregistry.npm.taobao.org%2Frollup%2Fdownload%2Frollup-2.6.1.tgz#8354e67caa7b8bf24c2488d9e2f64da2be62eebe"
    integrity sha1-g1TmfKp7i/JMJIjZ4vZNor5i7r4=
    optionalDependencies:
      fsevents "~2.1.2"
  
  to-fast-properties@^2.0.0:
    version "2.0.0"
    resolved "https://registry.npm.taobao.org/to-fast-properties/download/to-fast-properties-2.0.0.tgz?cache=0&sync_timestamp=1580550317222&other_urls=https%3A%2F%2Fregistry.npm.taobao.org%2Fto-fast-properties%2Fdownload%2Fto-fast-properties-2.0.0.tgz#dc5e698cbd079265bc73e0377681a4e4e83f616e"
    integrity sha1-3F5pjL0HkmW8c+A3doGk5Og/YW4=
